<?xml version="1.0" encoding="UTF-8"?>
<testsuite xmlns:xsi="http://www.w3.org/2001/XMLSchema-instance" xsi:noNamespaceSchemaLocation="https://maven.apache.org/surefire/maven-surefire-plugin/xsd/surefire-test-report.xsd" version="3.0.1" name="com.spring.springCore.AppTest" time="0.048" tests="1" errors="0" skipped="0" failures="0">
  <properties>
    <property name="sun.desktop" value="windows"/>
    <property name="awt.toolkit" value="sun.awt.windows.WToolkit"/>
    <property name="file.encoding.pkg" value="sun.io"/>
    <property name="java.specification.version" value="1.8"/>
    <property name="sun.cpu.isalist" value="amd64"/>
    <property name="sun.jnu.encoding" value="Cp1252"/>
    <property name="java.class.path" value="D:\Spring\SpringCore\target\test-classes;D:\Spring\SpringCore\target\classes;C:\Users\lenovo\.m2\repository\org\junit\jupiter\junit-jupiter-api\5.11.0\junit-jupiter-api-5.11.0.jar;C:\Users\lenovo\.m2\repository\org\opentest4j\opentest4j\1.3.0\opentest4j-1.3.0.jar;C:\Users\lenovo\.m2\repository\org\junit\platform\junit-platform-commons\1.11.0\junit-platform-commons-1.11.0.jar;C:\Users\lenovo\.m2\repository\org\apiguardian\apiguardian-api\1.1.2\apiguardian-api-1.1.2.jar;C:\Users\lenovo\.m2\repository\org\junit\jupiter\junit-jupiter-params\5.11.0\junit-jupiter-params-5.11.0.jar;"/>
    <property name="java.vm.vendor" value="OpenLogic-OpenJDK"/>
    <property name="sun.arch.data.model" value="64"/>
    <property name="user.variant" value=""/>
    <property name="java.vendor.url" value="http://java.oracle.com/"/>
    <property name="user.timezone" value="Asia/Calcutta"/>
    <property name="java.vm.specification.version" value="1.8"/>
    <property name="os.name" value="Windows 11"/>
    <property name="user.country" value="US"/>
    <property name="sun.java.launcher" value="SUN_STANDARD"/>
    <property name="sun.boot.library.path" value="D:\Softwares\openlogic-openjdk-8u422-b05-windows-x64\openlogic-openjdk-8u422-b05-windows-x64\jre\bin"/>
    <property name="sun.java.command" value="C:\Users\lenovo\AppData\Local\Temp\surefire8049442713859172840\surefirebooter-20250118152336407_3.jar C:\Users\lenovo\AppData\Local\Temp\surefire8049442713859172840 2025-01-18T15-23-35_791-jvmRun1 surefire-20250118152336407_1tmp surefire_0-20250118152336407_2tmp"/>
    <property name="surefire.test.class.path" value="D:\Spring\SpringCore\target\test-classes;D:\Spring\SpringCore\target\classes;C:\Users\lenovo\.m2\repository\org\junit\jupiter\junit-jupiter-api\5.11.0\junit-jupiter-api-5.11.0.jar;C:\Users\lenovo\.m2\repository\org\opentest4j\opentest4j\1.3.0\opentest4j-1.3.0.jar;C:\Users\lenovo\.m2\repository\org\junit\platform\junit-platform-commons\1.11.0\junit-platform-commons-1.11.0.jar;C:\Users\lenovo\.m2\repository\org\apiguardian\apiguardian-api\1.1.2\apiguardian-api-1.1.2.jar;C:\Users\lenovo\.m2\repository\org\junit\jupiter\junit-jupiter-params\5.11.0\junit-jupiter-params-5.11.0.jar;"/>
    <property name="sun.cpu.endian" value="little"/>
    <property name="user.home" value="C:\Users\lenovo"/>
    <property name="user.language" value="en"/>
    <property name="java.specification.vendor" value="Oracle Corporation"/>
    <property name="java.home" value="D:\Softwares\openlogic-openjdk-8u422-b05-windows-x64\openlogic-openjdk-8u422-b05-windows-x64\jre"/>
    <property name="basedir" value="D:\Spring\SpringCore"/>
    <property name="style.color" value="always"/>
    <property name="file.separator" value="\"/>
    <property name="line.separator" value="&#10;"/>
    <property name="java.vm.specification.vendor" value="Oracle Corporation"/>
    <property name="java.specification.name" value="Java Platform API Specification"/>
    <property name="java.awt.graphicsenv" value="sun.awt.Win32GraphicsEnvironment"/>
    <property name="surefire.real.class.path" value="C:\Users\lenovo\AppData\Local\Temp\surefire8049442713859172840\surefirebooter-20250118152336407_3.jar"/>
    <property name="sun.boot.class.path" value="D:\Softwares\openlogic-openjdk-8u422-b05-windows-x64\openlogic-openjdk-8u422-b05-windows-x64\jre\lib\resources.jar;D:\Softwares\openlogic-openjdk-8u422-b05-windows-x64\openlogic-openjdk-8u422-b05-windows-x64\jre\lib\rt.jar;D:\Softwares\openlogic-openjdk-8u422-b05-windows-x64\openlogic-openjdk-8u422-b05-windows-x64\jre\lib\sunrsasign.jar;D:\Softwares\openlogic-openjdk-8u422-b05-windows-x64\openlogic-openjdk-8u422-b05-windows-x64\jre\lib\jsse.jar;D:\Softwares\openlogic-openjdk-8u422-b05-windows-x64\openlogic-openjdk-8u422-b05-windows-x64\jre\lib\jce.jar;D:\Softwares\openlogic-openjdk-8u422-b05-windows-x64\openlogic-openjdk-8u422-b05-windows-x64\jre\lib\charsets.jar;D:\Softwares\openlogic-openjdk-8u422-b05-windows-x64\openlogic-openjdk-8u422-b05-windows-x64\jre\lib\jfr.jar;D:\Softwares\openlogic-openjdk-8u422-b05-windows-x64\openlogic-openjdk-8u422-b05-windows-x64\jre\classes"/>
    <property name="user.script" value=""/>
    <property name="sun.management.compiler" value="HotSpot 64-Bit Tiered Compilers"/>
    <property name="java.runtime.version" value="1.8.0_422-422-b05"/>
    <property name="user.name" value="lenovo"/>
    <property name="path.separator" value=";"/>
    <property name="os.version" value="10.0"/>
    <property name="java.endorsed.dirs" value="D:\Softwares\openlogic-openjdk-8u422-b05-windows-x64\openlogic-openjdk-8u422-b05-windows-x64\jre\lib\endorsed"/>
    <property name="java.runtime.name" value="OpenJDK Runtime Environment"/>
    <property name="file.encoding" value="Cp1252"/>
    <property name="java.vm.name" value="OpenJDK 64-Bit Server VM"/>
    <property name="localRepository" value="C:\Users\lenovo\.m2\repository"/>
    <property name="java.vendor.url.bug" value="http://bugreport.sun.com/bugreport/"/>
    <property name="java.io.tmpdir" value="C:\Users\lenovo\AppData\Local\Temp\"/>
    <property name="java.version" value="1.8.0_422-422"/>
    <property name="user.dir" value="D:\Spring\SpringCore"/>
    <property name="os.arch" value="amd64"/>
    <property name="java.vm.specification.name" value="Java Virtual Machine Specification"/>
    <property name="java.awt.printerjob" value="sun.awt.windows.WPrinterJob"/>
    <property name="sun.os.patch.level" value=""/>
    <property name="java.library.path" value="D:\Softwares\openlogic-openjdk-8u422-b05-windows-x64\openlogic-openjdk-8u422-b05-windows-x64\jre\bin;C:\WINDOWS\Sun\Java\bin;C:\WINDOWS\system32;C:\WINDOWS;D:/Softwares/eclipse-jee-2022-09-R-win32-x86_64/eclipse//plugins/org.eclipse.justj.openjdk.hotspot.jre.full.win32.x86_64_17.0.4.v20220903-1038/jre/bin/server;D:/Softwares/eclipse-jee-2022-09-R-win32-x86_64/eclipse//plugins/org.eclipse.justj.openjdk.hotspot.jre.full.win32.x86_64_17.0.4.v20220903-1038/jre/bin;C:\WINDOWS\system32;C:\WINDOWS;C:\WINDOWS\System32\Wbem;C:\WINDOWS\System32\WindowsPowerShell\v1.0\;C:\WINDOWS\System32\OpenSSH\;D:\Softwares\openlogic-openjdk-8u422-b05-windows-x64\openlogic-openjdk-8u422-b05-windows-x64\bin;D:\Softwares\apache-maven-3.8.8-bin\apache-maven-3.8.8\bin;C:\Users\lenovo\AppData\Local\Microsoft\WindowsApps;;D:\Softwares\eclipse-jee-2022-09-R-win32-x86_64\eclipse;;."/>
    <property name="java.vm.info" value="mixed mode"/>
    <property name="java.vendor" value="OpenLogic-OpenJDK"/>
    <property name="java.vm.version" value="25.422-b05"/>
    <property name="java.specification.maintenance.version" value="5"/>
    <property name="java.ext.dirs" value="D:\Softwares\openlogic-openjdk-8u422-b05-windows-x64\openlogic-openjdk-8u422-b05-windows-x64\jre\lib\ext;C:\WINDOWS\Sun\Java\lib\ext"/>
    <property name="sun.io.unicode.encoding" value="UnicodeLittle"/>
    <property name="java.class.version" value="52.0"/>
  </properties>
  <testcase name="shouldAnswerWithTrue" classname="com.spring.springCore.AppTest" time="0.023"/>
</testsuite>